What is the task? (a)submit, (b)resubmit, (c)cancel Jobs: : 
Traceback (most recent call last):
  File "average.py", line 276, in <module>
    task = input("What is the task? (a)submit, (b)resubmit, (c)cancel Jobs: : \n")
OSError: [Errno 9] Bad file descriptor
What is the task? (a)submit, (b)resubmit, (c)cancel Jobs: : 
Traceback (most recent call last):
  File "average.py", line 276, in <module>
    task = input("What is the task? (a)submit, (b)resubmit, (c)cancel Jobs: : \n")
OSError: [Errno 9] Bad file descriptor
key in parameter in the following format : 
ex : Spin, L1, L2, delta_L, J1, J2, delta_J, D1, D2, delta_D, Pdis, bondDim, initialSampleNumber, finalSampleNumber, sampleDelta, check_Or_Not
ex : 15(Spin) 64(L) 1.1(J) 0.1(D) 10(Pdis) 40(bondDim) 1(initialSampleNumber) 20(finalSampleNumber) 5(sampleDelta), Y(check_Or_Not)

Traceback (most recent call last):
  File "/home/aronton/tSDRG_random/subpy/./average.py", line 316, in <module>
    parameterlist["L"]["L1"]=sys.argv[3]
                             ~~~~~~~~^^^
IndexError: list index out of range
key in parameter in the following format : 
ex : Spin, L1, L2, delta_L, J1, J2, delta_J, D1, D2, delta_D, Pdis, bondDim, initialSampleNumber, finalSampleNumber, sampleDelta, check_Or_Not
ex : 15(Spin) 64(L) 1.1(J) 0.1(D) 10(Pdis) 40(bondDim) 1(initialSampleNumber) 20(finalSampleNumber) 5(sampleDelta), Y(check_Or_Not)

{'Spin': '15', 'L': {'L1': '128', 'L2': '256', 'dL': '128'}, 'J': {'J1': '0.1', 'J2': '0.2', 'dJ': '0.05'}, 'D': {'D1': '0', 'D2': '0', 'dD': '0'}, 'seed': {'s1': '1', 's2': '50', 'ds': '25'}, 'BC': 'PBC', 'Pdis': '20', 'bondDim': '40', 'dx': '0', 'check_Or_Not': 'Y', 'status': 'R', 'Ncore': '1', 'partition': '1'} 

Spin  :  15
L  :  {'L1': '128', 'L2': '256', 'dL': '128'}
J  :  {'J1': '0.1', 'J2': '0.2', 'dJ': '0.05'}
D  :  {'D1': '0', 'D2': '0', 'dD': '0'}
seed  :  {'s1': '1', 's2': '50', 'ds': '25'}
BC  :  PBC
Pdis  :  20
bondDim  :  40
dx  :  0
check_Or_Not  :  Y
status  :  R
Ncore  :  1
partition  :  1
L_num: [128, 256]
L_p_num: [128, 256, 128]
L_str: ['L128', 'L256']
L_p_str: ['L128', 'L256', 'L128']
L_s100: ['128', '256']
L_p_s100: ['128', '256', '128']
J_num [0.1, 0.15, 0.2]
J_p_num [0.1, 0.2, 0.05]
J_str: ['Jdis010', 'Jdis015', 'Jdis020']
J_p_str: ['Jdis010', 'Jdis020', 'Jdis005']
J_s100: ['010', '015', '020']
J_p_s100: ['010', '020', '005']
D_num: [0]
D_p_num: [0, 0, 0]
D_str: ['Dim000']
D_p_str: ['Dim0', 'Dim0', 'Dim000']
D_s100: ['0']
D_p_s100: ['0', '0', '000']
tSDRG_filePath :  /home/aronton/tSDRG_random/tSDRG/Main_15/submit_record/2024/2024_8_26/tSDRG_Spin=15;BC=PBC;P=20;B=40;L=128_256(128);J=0.1_0.2(0.05);D=0_0(0);seed1=1_seed2=50;Partition=1;Number_of_core=1_H23_M22_S58
key in parameter in the following format : 
ex : Spin, L1, L2, delta_L, J1, J2, delta_J, D1, D2, delta_D, Pdis, bondDim, initialSampleNumber, finalSampleNumber, sampleDelta, check_Or_Not
ex : 15(Spin) 64(L) 1.1(J) 0.1(D) 10(Pdis) 40(bondDim) 1(initialSampleNumber) 20(finalSampleNumber) 5(sampleDelta), Y(check_Or_Not)

Traceback (most recent call last):
  File "/home/aronton/tSDRG_random/subpy/./average.py", line 316, in <module>
    parameterlist["L"]["L1"]=sys.argv[3]
                             ~~~~~~~~^^^
IndexError: list index out of range
key in parameter in the following format : 
ex : Spin, L1, L2, delta_L, J1, J2, delta_J, D1, D2, delta_D, Pdis, bondDim, initialSampleNumber, finalSampleNumber, sampleDelta, check_Or_Not
ex : 15(Spin) 64(L) 1.1(J) 0.1(D) 10(Pdis) 40(bondDim) 1(initialSampleNumber) 20(finalSampleNumber) 5(sampleDelta), Y(check_Or_Not)

Traceback (most recent call last):
  File "/home/aronton/tSDRG_random/subpy/./average.py", line 316, in <module>
    parameterlist["L"]["L1"]=sys.argv[3]
                             ~~~~~~~~^^^
IndexError: list index out of range
key in parameter in the following format : 
ex : Spin, L1, L2, delta_L, J1, J2, delta_J, D1, D2, delta_D, Pdis, bondDim, initialSampleNumber, finalSampleNumber, sampleDelta, check_Or_Not
ex : 15(Spin) 64(L) 1.1(J) 0.1(D) 10(Pdis) 40(bondDim) 1(initialSampleNumber) 20(finalSampleNumber) 5(sampleDelta), Y(check_Or_Not)

Traceback (most recent call last):
  File "/home/aronton/tSDRG_random/subpy/./average.py", line 316, in <module>
    parameterlist["L"]["L1"]=sys.argv[3]
                             ~~~~~~~~^^^
IndexError: list index out of range
key in parameter in the following format : 
ex : Spin, L1, L2, delta_L, J1, J2, delta_J, D1, D2, delta_D, Pdis, bondDim, initialSampleNumber, finalSampleNumber, sampleDelta, check_Or_Not
ex : 15(Spin) 64(L) 1.1(J) 0.1(D) 10(Pdis) 40(bondDim) 1(initialSampleNumber) 20(finalSampleNumber) 5(sampleDelta), Y(check_Or_Not)

{'Spin': '15', 'L': {'L1': '64', 'L2': '128', 'dL': '64'}, 'J': {'J1': '0.1', 'J2': '0.3', 'dJ': '0.05'}, 'D': {'D1': '0.1', 'D2': '0.2', 'dD': '0.05'}, 'seed': {'s1': '1', 's2': '30', 'ds': '5'}, 'BC': 'PBC', 'Pdis': '20', 'bondDim': '40', 'dx': 'Y', 'check_Or_Not': '1', 'status': '1', 'Ncore': '', 'partition': ''} 

Spin  :  15
L  :  {'L1': '64', 'L2': '128', 'dL': '64'}
J  :  {'J1': '0.1', 'J2': '0.3', 'dJ': '0.05'}
D  :  {'D1': '0.1', 'D2': '0.2', 'dD': '0.05'}
seed  :  {'s1': '1', 's2': '30', 'ds': '5'}
BC  :  PBC
Pdis  :  20
bondDim  :  40
dx  :  Y
check_Or_Not  :  1
status  :  1
Ncore  :  
partition  :  
L_num: [64, 128]
L_p_num: [64, 128, 64]
L_str: ['L64', 'L128']
L_p_str: ['L64', 'L128', 'L64']
L_s100: ['64', '128']
L_p_s100: ['64', '128', '64']
J_num [0.1, 0.15, 0.2, 0.25, 0.3]
J_p_num [0.1, 0.3, 0.05]
J_str: ['Jdis010', 'Jdis015', 'Jdis020', 'Jdis025', 'Jdis030']
J_p_str: ['Jdis010', 'Jdis030', 'Jdis005']
J_s100: ['010', '015', '020', '025', '030']
J_p_s100: ['010', '030', '005']
D_num: [0.1, 0.15, 0.2]
D_p_num: [0.1, 0.2, 0.05]
D_str: ['Dim010', 'Dim015', 'Dim020']
D_p_str: ['Dim010', 'Dim020', 'Dim005']
D_s100: ['010', '015', '020']
D_p_s100: ['010', '020', '005']
tSDRG_filePath :  /home/aronton/tSDRG_random/tSDRG/Main_15/submit_record/2024/2024_8_27/tSDRG_Spin=15;BC=PBC;P=20;B=40;L=64_128(64);J=0.1_0.3(0.05);D=0.1_0.2(0.05);seed1=1_seed2=30;Partition=;Number_of_core=_H0_M2_S36
key in parameter in the following format : 
ex : Spin, L1, L2, delta_L, J1, J2, delta_J, D1, D2, delta_D, Pdis, bondDim, initialSampleNumber, finalSampleNumber, sampleDelta, check_Or_Not
ex : 15(Spin) 64(L) 1.1(J) 0.1(D) 10(Pdis) 40(bondDim) 1(initialSampleNumber) 20(finalSampleNumber) 5(sampleDelta), Y(check_Or_Not)

{'Spin': '15', 'L': {'L1': '64', 'L2': '128', 'dL': '64'}, 'J': {'J1': '0.1', 'J2': '0.3', 'dJ': '0.05'}, 'D': {'D1': '0', 'D2': '0', 'dD': '0'}, 'seed': {'s1': '1', 's2': '30', 'ds': '5'}, 'BC': 'PBC', 'Pdis': '20', 'bondDim': '40', 'dx': '0', 'check_Or_Not': 'Y', 'status': '1', 'Ncore': '1', 'partition': ''} 

Spin  :  15
L  :  {'L1': '64', 'L2': '128', 'dL': '64'}
J  :  {'J1': '0.1', 'J2': '0.3', 'dJ': '0.05'}
D  :  {'D1': '0', 'D2': '0', 'dD': '0'}
seed  :  {'s1': '1', 's2': '30', 'ds': '5'}
BC  :  PBC
Pdis  :  20
bondDim  :  40
dx  :  0
check_Or_Not  :  Y
status  :  1
Ncore  :  1
partition  :  
L_num: [64, 128]
L_p_num: [64, 128, 64]
L_str: ['L64', 'L128']
L_p_str: ['L64', 'L128', 'L64']
L_s100: ['64', '128']
L_p_s100: ['64', '128', '64']
J_num [0.1, 0.15, 0.2, 0.25, 0.3]
J_p_num [0.1, 0.3, 0.05]
J_str: ['Jdis010', 'Jdis015', 'Jdis020', 'Jdis025', 'Jdis030']
J_p_str: ['Jdis010', 'Jdis030', 'Jdis005']
J_s100: ['010', '015', '020', '025', '030']
J_p_s100: ['010', '030', '005']
D_num: [0]
D_p_num: [0, 0, 0]
D_str: ['Dim000']
D_p_str: ['Dim0', 'Dim0', 'Dim000']
D_s100: ['0']
D_p_s100: ['0', '0', '000']
/home/aronton/tSDRG_random/tSDRG/Main_15/submit_record/2024/2024_8_27
tSDRG_filePath :  /home/aronton/tSDRG_random/tSDRG/Main_15/submit_record/2024/2024_8_27/tSDRG_Spin=15;BC=PBC;P=20;B=40;L=64_128(64);J=0.1_0.3(0.05);D=0_0(0);seed1=1_seed2=30;Partition=;Number_of_core=1_H0_M4_S20
key in parameter in the following format : 
ex : Spin, L1, L2, delta_L, J1, J2, delta_J, D1, D2, delta_D, Pdis, bondDim, initialSampleNumber, finalSampleNumber, sampleDelta, check_Or_Not
ex : 15(Spin) 64(L) 1.1(J) 0.1(D) 10(Pdis) 40(bondDim) 1(initialSampleNumber) 20(finalSampleNumber) 5(sampleDelta), Y(check_Or_Not)

{'Spin': '15', 'L': {'L1': '64', 'L2': '128', 'dL': '64'}, 'J': {'J1': '0.1', 'J2': '0.2', 'dJ': '0.1'}, 'D': {'D1': '0.1', 'D2': '0.2', 'dD': '0.05'}, 'seed': {'s1': '1', 's2': '30', 'ds': '10'}, 'BC': 'OBC', 'Pdis': '20', 'bondDim': '40', 'dx': '0', 'check_Or_Not': 'Y', 'status': '1', 'Ncore': '2', 'partition': ''} 

Spin  :  15
L  :  {'L1': '64', 'L2': '128', 'dL': '64'}
J  :  {'J1': '0.1', 'J2': '0.2', 'dJ': '0.1'}
D  :  {'D1': '0.1', 'D2': '0.2', 'dD': '0.05'}
seed  :  {'s1': '1', 's2': '30', 'ds': '10'}
BC  :  OBC
Pdis  :  20
bondDim  :  40
dx  :  0
check_Or_Not  :  Y
status  :  1
Ncore  :  2
partition  :  
L_num: [64, 128]
L_p_num: [64, 128, 64]
L_str: ['L64', 'L128']
L_p_str: ['L64', 'L128', 'L64']
L_s100: ['64', '128']
L_p_s100: ['64', '128', '64']
J_num [0.1, 0.2]
J_p_num [0.1, 0.2, 0.1]
J_str: ['Jdis010', 'Jdis020']
J_p_str: ['Jdis010', 'Jdis020', 'Jdis010']
J_s100: ['010', '020']
J_p_s100: ['010', '020', '010']
D_num: [0.1, 0.15, 0.2]
D_p_num: [0.1, 0.2, 0.05]
D_str: ['Dim010', 'Dim015', 'Dim020']
D_p_str: ['Dim010', 'Dim020', 'Dim005']
D_s100: ['010', '015', '020']
D_p_s100: ['010', '020', '005']
/home/aronton/tSDRG_random/tSDRG/Main_15/submit_record/2024/2024_8_27
tSDRG_filePath :  /home/aronton/tSDRG_random/tSDRG/Main_15/submit_record/2024/2024_8_27/tSDRG_Spin=15;BC=OBC;P=20;B=40;L=64_128(64);J=0.1_0.2(0.1);D=0.1_0.2(0.05);seed1=1_seed2=30;Partition=;Number_of_core=2_H0_M7_S10
key in parameter in the following format : 
ex : Spin, L1, L2, delta_L, J1, J2, delta_J, D1, D2, delta_D, Pdis, bondDim, initialSampleNumber, finalSampleNumber, sampleDelta, check_Or_Not
ex : 15(Spin) 64(L) 1.1(J) 0.1(D) 10(Pdis) 40(bondDim) 1(initialSampleNumber) 20(finalSampleNumber) 5(sampleDelta), Y(check_Or_Not)

{'Spin': '15', 'L': {'L1': '32', 'L2': '64', 'dL': '32'}, 'J': {'J1': '0.1', 'J2': '0.3', 'dJ': '0.05'}, 'D': {'D1': '0.01', 'D2': '0.01', 'dD': '0'}, 'seed': {'s1': '1', 's2': '30', 'ds': '5'}, 'BC': 'OBC', 'Pdis': '20', 'bondDim': '40', 'dx': '0', 'check_Or_Not': 'Y', 'status': '1', 'Ncore': '3', 'partition': ''} 

Spin  :  15
L  :  {'L1': '32', 'L2': '64', 'dL': '32'}
J  :  {'J1': '0.1', 'J2': '0.3', 'dJ': '0.05'}
D  :  {'D1': '0.01', 'D2': '0.01', 'dD': '0'}
seed  :  {'s1': '1', 's2': '30', 'ds': '5'}
BC  :  OBC
Pdis  :  20
bondDim  :  40
dx  :  0
check_Or_Not  :  Y
status  :  1
Ncore  :  3
partition  :  
task
L_num: [32, 64]
L_p_num: [32, 64, 32]
L_str: ['L32', 'L64']
L_p_str: ['L32', 'L64', 'L32']
L_s100: ['32', '64']
L_p_s100: ['32', '64', '32']
J_num [0.1, 0.15, 0.2, 0.25, 0.3]
J_p_num [0.1, 0.3, 0.05]
J_str: ['Jdis010', 'Jdis015', 'Jdis020', 'Jdis025', 'Jdis030']
J_p_str: ['Jdis010', 'Jdis030', 'Jdis005']
J_s100: ['010', '015', '020', '025', '030']
J_p_s100: ['010', '030', '005']
D_num: [0.01]
D_p_num: [0.01, 0.01, 0]
D_str: ['Dim001']
D_p_str: ['Dim001', 'Dim001', 'Dim000']
D_s100: ['001']
D_p_s100: ['001', '001', '000']
/home/aronton/tSDRG_random/tSDRG/Main_15/submit_record/2024/2024_8_27
tSDRG_filePath :  /home/aronton/tSDRG_random/tSDRG/Main_15/submit_record/2024/2024_8_27/tSDRG_Spin=15;BC=OBC;P=20;B=40;L=32_64(32);J=0.1_0.3(0.05);D=0.01_0.01(0);seed1=1_seed2=30;Partition=;Number_of_core=3_H0_M9_S2
key in parameter in the following format : 
ex : Spin, L1, L2, delta_L, J1, J2, delta_J, D1, D2, delta_D, Pdis, bondDim, initialSampleNumber, finalSampleNumber, sampleDelta, check_Or_Not
ex : 15(Spin) 64(L) 1.1(J) 0.1(D) 10(Pdis) 40(bondDim) 1(initialSampleNumber) 20(finalSampleNumber) 5(sampleDelta), Y(check_Or_Not)

{'Spin': '15', 'L': {'L1': '128', 'L2': '384', 'dL': '256'}, 'J': {'J1': '0.2', 'J2': '0.3', 'dJ': '0.05'}, 'D': {'D1': '0.04', 'D2': '0.04', 'dD': '0'}, 'seed': {'s1': '1', 's2': '30', 'ds': '15'}, 'BC': 'OBC', 'Pdis': '20', 'bondDim': '40', 'dx': '0', 'check_Or_Not': 'N', 'status': 'R', 'Ncore': '1', 'partition': '2'} 

Spin  :  15
L  :  {'L1': '128', 'L2': '384', 'dL': '256'}
J  :  {'J1': '0.2', 'J2': '0.3', 'dJ': '0.05'}
D  :  {'D1': '0.04', 'D2': '0.04', 'dD': '0'}
seed  :  {'s1': '1', 's2': '30', 'ds': '15'}
BC  :  OBC
Pdis  :  20
bondDim  :  40
dx  :  0
check_Or_Not  :  N
status  :  R
Ncore  :  1
partition  :  2
task
L_num: [128, 384]
L_p_num: [128, 384, 256]
L_str: ['L128', 'L384']
L_p_str: ['L128', 'L384', 'L256']
L_s100: ['128', '384']
L_p_s100: ['128', '384', '256']
J_num [0.2, 0.25, 0.3]
J_p_num [0.2, 0.3, 0.05]
J_str: ['Jdis020', 'Jdis025', 'Jdis030']
J_p_str: ['Jdis020', 'Jdis030', 'Jdis005']
J_s100: ['020', '025', '030']
J_p_s100: ['020', '030', '005']
D_num: [0.04]
D_p_num: [0.04, 0.04, 0]
D_str: ['Dim004']
D_p_str: ['Dim004', 'Dim004', 'Dim000']
D_s100: ['004']
D_p_s100: ['004', '004', '000']
/home/aronton/tSDRG_random/tSDRG/Main_15/submit_record/2024/2024_8_27
tSDRG_filePath :  /home/aronton/tSDRG_random/tSDRG/Main_15/submit_record/2024/2024_8_27/tSDRG_Spin=15;BC=OBC;P=20;B=40;L=128_384(256);J=0.2_0.3(0.05);D=0.04_0.04(0);seed1=1_seed2=30;Partition=2;Number_of_core=1_H0_M18_S31
